   PAGE    1
 PC/370 LINKAGE EDITOR  OPTIONS ON = LXEFIP
  SYMBOL   VALUE    LENGTH  TYPE DEFINED   REFERENCED
  APPLCURS 0000BA10 00000000 LD  WINDOWS  BUFFPROI DBG
  AREA1    0000E0B0 00000000 LD  WIN      BUFFPROI DBG
  AREA1END 0000E498 00000000 LD  WIN      BUFFPROI DBG
  BINOD    00000E68 00001E38 SD  00000E68 WINDOWS  BINOD    DBG
  BOXPARML 0000C46B 00000000 LD  OUTSTRN  WIN      WINDOWS  BUFFPRO  DBG
  BUFFPRO  00003A20 00003290 SD  00003A20 WIN      BUFFPRO
  BUFFPROI 0000D510 00000618 SD  0000D510 WINDOWS
  CALLSCRL 0000449C 00000000 LD  BUFFPRO  WINDOWS
  CALLSCRN 00004498 00000000 LD  BUFFPRO  WINDOWS
  CASE     00003310 00000360 SD  00003310 CASE     BINOD
  CENTER   00003670 000003B0 SD  00003670 CENTER
  CICS     00003A20 00000000 LD  BUFFPRO  BINOD    DBG
  DBG      00000000 00000E68 SD  00000000 WIN      DBG
  FUNCNAM  0000B92F 00000000 LD  WINDOWS
  HELP     000000E0 00000000 LD  DBG      WINDOWS
  INPUTKEY 0000BA0C 00000000 LD  WINDOWS
  INSCRN   000044FD 00000000 LD  BUFFPRO  WIN      DBG
  INSCRNL  00004C7D 00000000 LD  BUFFPRO  WIN      DBG
  LEVELCD  0000B9B2 00000000 LD  WINDOWS
  LEVSTADD 00007DCC 00000000 LD  VAL
  MENUTAB  00008052 00000000 LD  VAL      WINDOWS  DBG
  OUTSTRN  0000BA70 00001AA0 SD  0000BA70 WIN      OUTSTRN  WINDOWS  BUFFPRO
  PANLENG  0000BA20 00000000 LD  WINDOWS  WIN      BUFFPRO  DBG
  PARMLIST 0000C3BC 00000000 LD  OUTSTRN  WIN      WINDOWS  BUFFPRO  DBG
  PRINTS   0000DF30 00000000 LD  WIN      OUTSTRN  DBG
  PROCTITL 0000B9CE 00000000 LD  WINDOWS
  PROSWIT  0000BA0D 00000000 LD  WINDOWS
  SCREEN   0000C4F4 00000000 LD  OUTSTRN  WIN      BUFFPRO  DBG
  SCREENE  0000D4F4 00000000 LD  OUTSTRN  WIN      BUFFPRO  DBG
  SCREENL  0000C4F0 00000000 LD  OUTSTRN  WIN      WINDOWS  BUFFPRO  DBG
  SCRSYSNM 0000C3DA 00000000 LD  OUTSTRN  VAL      DBG
  SHOW     00002CA0 00000308 SD  00002CA0 SHOW     BINOD
  SHOWLIST 00002CA8 00000000 LD  SHOW
  SUBPROCD 0000B9C6 00000000 LD  WINDOWS
  SUBSNAM  0000B927 00000000 LD  WINDOWS  VAL      DBG
  SWDISCO  0000DFA0 00000000 LD  WIN      WINDOWS  DBG
  SYSNAME  00007DBA 00000000 LD  VAL
  SYSTEMCD 0000B9AA 00000000 LD  WINDOWS  VAL      DBG
  TABSTADD 00007DC8 00000000 LD  VAL
  TREELEV  0000B984 00000000 LD  WINDOWS  VAL      DBG
  TREETAB  00007F76 00000000 LD  VAL      WINDOWS  DBG
  TREETPOI 00007DD0 00000000 LD  VAL
  USERFLDL 00006CA4 00000000 LD  BUFFPRO  BUFFPROI DBG
  USERFLDT 00005CA4 00000000 LD  BUFFPRO  WIN      BUFFPROI DBG
  VAL      00006CB0 000043B8 SD  00006CB0 WIN      WINDOWS  VAL
  VALNUM   00002FA8 00000368 SD  00002FA8 VALNUM   BINOD
  WIN      0000DB28 00001F68 SD  0000DB28 WIN      DBG
  WINDOWS  0000B068 00000A08 SD  0000B068 WIN      WINDOWS
  ENT/LNG  0000DB28 0000FA90
